============================================================
  TTI 48-HR CAMPAIGN ORCHESTRATOR — IQ 200 SUPER HERMES
  Campaign ends: 2026-04-04 09:40 PDT
============================================================

[ORCHESTRATOR] === CYCLE 1 START ===

[ORCHESTRATOR] Running campaign cycle at 2026-04-02 12:27:42 PDT
============================================================
  TTI 48-HR CAMPAIGN | CYCLE 11 | IQ 200 SUPER HERMES
  2026-04-02 19:27:42 UTC
============================================================

[1/5] Generating content for 15 markets x 7 platforms...
      ✓ 105 content pieces generated
[2/5] Firing Phone Tower SMS blast across 15 markets...
      ✓ 3,465 SMS sent | 3,351 delivered | 107 responses
[3/5] Sourcing owner finance deals across all markets...
      ✓ 12 deals sourced | 5 HOT deals identified
[4/5] Converting responses to leads and booking demos...
      ✓ 42 HOT leads | 22 demos booked | 15 confirmed
[5/5] Calculating revenue and pipeline value...
      ✓ Confirmed: $0 | Pipeline: $53,125

[LOG] Intelligence logged to: /home/ubuntu/CEO-Mr-Reddix/intelligence/48hr_campaign/cycle_011_20260402_192742.json

────────────────────────────────────────────────────────────
  CYCLE 11 SUMMARY
────────────────────────────────────────────────────────────
  SMS Sent:          3,465
  HOT Leads:         42
  Demos Booked:      22
  Demos Confirmed:   15
  Deals Sourced:     12
  HOT Deals:         5
  Owner Finance:     3
  Confirmed Revenue: $0
  Pipeline Value:    $53,125
────────────────────────────────────────────────────────────

[DONE] Result saved to /home/ubuntu/CEO-Mr-Reddix/intelligence/48hr_campaign/latest_cycle_result.json
