nohup: ignoring input
[2026-04-02 20:24:22 UTC] ============================================================
[2026-04-02 20:24:22 UTC] TTI 48-HR CAMPAIGN AUTO LOOP STARTED
[2026-04-02 20:24:22 UTC] Campaign ends at: 2026-04-04T16:40:00+00:00
[2026-04-02 20:24:22 UTC] ============================================================
[2026-04-02 20:24:22 UTC] Starting cycle | Elapsed: 3.7h | Remaining: 44.3h
[2026-04-02 20:24:22 UTC] Running tti_48hr_campaign.py ...
[2026-04-02 20:24:22 UTC] Script stdout: ─────────────────────────────────
  CYCLE 21 SUMMARY
────────────────────────────────────────────────────────────
  SMS Sent:          3,690
  HOT Leads:         57
  Demos Booked:      24
  Demos Confirmed:   21
  Deals Sourced:     16
  HOT Deals:         7
  Owner Finance:     3
  Confirmed Revenue: $0
  Pipeline Value:    $71,147
────────────────────────────────────────────────────────────

[DONE] Result saved to /home/ubuntu/CEO-Mr-Reddix/intelligence/48hr_campaign/latest_cycle_result.json

[2026-04-02 20:24:22 UTC] Git commit and push ...
