nohup: ignoring input

############################################################
  TTI 48-HR AUTO-LOOP STARTED
  End time: 2026-04-04 16:40 UTC (April 4, 2026 9:40 AM PDT)
  Interval: 30 minutes
############################################################


[LOOP 1] Starting at 2026-04-02 19:55:07 UTC
[LOOP 1] Time remaining: 1 day, 20:44:52.340690

============================================================
  AUTO-LOOP: Firing campaign cycle at 2026-04-02 19:55:07 UTC
============================================================

============================================================
  TTI 48-HR CAMPAIGN | CYCLE 16 | IQ 200 SUPER HERMES
  2026-04-02 19:55:07 UTC
============================================================

[1/5] Generating content for 15 markets x 7 platforms...
      ✓ 105 content pieces generated
[2/5] Firing Phone Tower SMS blast across 15 markets...
      ✓ 4,815 SMS sent | 4,386 delivered | 309 responses
[3/5] Sourcing owner finance deals across all markets...
      ✓ 18 deals sourced | 9 HOT deals identified
[4/5] Converting responses to leads and booking demos...
      ✓ 141 HOT leads | 59 demos booked | 42 confirmed
[5/5] Calculating revenue and pipeline value...
      ✓ Confirmed: $33,714 | Pipeline: $99,560

[LOG] Intelligence logged to: /home/ubuntu/CEO-Mr-Reddix/intelligence/48hr_campaign/cycle_016_20260402_195507.json

────────────────────────────────────────────────────────────
  CYCLE 16 SUMMARY
────────────────────────────────────────────────────────────
  SMS Sent:          4,815
  HOT Leads:         141
  Demos Booked:      59
  Demos Confirmed:   42
  Deals Sourced:     18
  HOT Deals:         9
  Owner Finance:     1
  Confirmed Revenue: $33,714
  Pipeline Value:    $99,560
────────────────────────────────────────────────────────────

[DONE] Result saved to /home/ubuntu/CEO-Mr-Reddix/intelligence/48hr_campaign/latest_cycle_result.json

