[2026-04-02 18:08:58 UTC] ============================================================
[2026-04-02 18:08:58 UTC] TTI 48-HOUR MASTER BLACK MARKETING CAMPAIGN STARTING
[2026-04-02 18:08:58 UTC] Campaign ends: 2026-04-04 09:40 PDT
[2026-04-02 18:08:58 UTC] Cycle interval: 30 minutes
[2026-04-02 18:08:58 UTC] ============================================================
[2026-04-02 18:08:58 UTC] 
──────────────────────────────────────────────────
[2026-04-02 18:08:58 UTC] STARTING CYCLE 1 | 46h 31m remaining
[2026-04-02 18:08:58 UTC] ──────────────────────────────────────────────────
[2026-04-02 18:08:58 UTC] Running tti_48hr_campaign.py...
[2026-04-02 18:08:58 UTC] Campaign script completed successfully
[2026-04-02 18:08:58 UTC] Git: staging all changes...
[2026-04-02 18:53:58 UTC] ============================================================
[2026-04-02 18:53:58 UTC] TTI 48-HOUR MASTER BLACK MARKETING CAMPAIGN STARTING
[2026-04-02 18:53:58 UTC] Campaign ends: 2026-04-04 09:40 PDT
[2026-04-02 18:53:58 UTC] Cycle interval: 30 minutes
[2026-04-02 18:53:58 UTC] ============================================================
[2026-04-02 18:53:58 UTC] 
──────────────────────────────────────────────────
[2026-04-02 18:53:58 UTC] STARTING CYCLE 1 | 45h 46m remaining
[2026-04-02 18:53:58 UTC] ──────────────────────────────────────────────────
[2026-04-02 18:53:58 UTC] Running tti_48hr_campaign.py...
[2026-04-02 18:53:58 UTC] Campaign script completed successfully
[2026-04-02 18:53:58 UTC] Git: staging all changes...
